<?xml version="1.0" encoding="UTF-8"?>
<!-- Generated by org.testng.reporters.JUnitXMLReporter -->
<testsuite ignored="0" hostname="Vaibhav" failures="0" tests="1" name="chrometest" time="0.613" errors="0" timestamp="2025-03-05T16:52:58 IST">
  <testcase classname="testBase.BaseTest" name="@BeforeClass Setup" time="-1.741173777114E9">
    <failure type="org.testng.TestNGException" message="
Parameter &amp;apos;browser&amp;apos; is required by BeforeClass on method Setup but has not been marked @Optional or defined
in C:\Users\vaibh\Seleniumwebdriver\opencart\crossbrowsertesting.xml">
      <![CDATA[org.testng.TestNGException: 
Parameter 'browser' is required by BeforeClass on method Setup but has not been marked @Optional or defined
in C:\Users\vaibh\Seleniumwebdriver\opencart\crossbrowsertesting.xml
at java.base/java.util.ArrayList.forEach(ArrayList.java:1511)
... Removed 22 stack frames]]>
    </failure>
  </testcase> <!-- @BeforeClass Setup -->
  <testcase classname="testBase.BaseTest" name="@AfterClass tearDown" time="0.0">
    <skipped/>
  </testcase> <!-- @AfterClass tearDown -->
  <testcase classname="testCases.AccountRegistrationTest" name="TC_001AccountRegistertest" time="0.0">
    <skipped/>
  </testcase> <!-- TC_001AccountRegistertest -->
</testsuite> <!-- chrometest -->
